{"timestamp": null, "level": null, "name": "cs-audit", "message": "starting cloud security suite v1.0"}
{"timestamp": null, "level": null, "name": "cs-audit", "message": "running azure audit"}
{"timestamp": null, "level": "INFO", "name": "cs-audit", "message": "azure report", "check_no": "2.2", "region": "null", "score": "Scored", "category": "management", "type": "PASS", "data": "Automatic provisioning of monitoring agent is ON"}
{"timestamp": null, "level": "INFO", "name": "cs-audit", "message": "azure report", "check_no": "2.3", "region": "null", "score": "Scored", "category": "management", "type": "PASS", "data": "System updates are turned ON"}
{"timestamp": null, "level": "INFO", "name": "cs-audit", "message": "azure report", "check_no": "2.4", "region": "null", "score": "Scored", "category": "security", "type": "PASS", "data": "Security Configurations are turned ON"}
{"timestamp": null, "level": "INFO", "name": "cs-audit", "message": "azure report", "check_no": "2.5", "region": "null", "score": "Scored", "category": "security", "type": "PASS", "data": "Endpoint Protection are turned ON"}
{"timestamp": null, "level": "INFO", "name": "cs-audit", "message": "azure report", "check_no": "2.6", "region": "null", "score": "Scored", "category": "storage", "type": "PASS", "data": "Disk Encryption is turned ON"}
{"timestamp": null, "level": "INFO", "name": "cs-audit", "message": "azure report", "check_no": "2.7", "region": "null", "score": "Scored", "category": "security", "type": "PASS", "data": "Network security groups is turned ON"}
{"timestamp": null, "level": "INFO", "name": "cs-audit", "message": "azure report", "check_no": "2.8", "region": "null", "score": "Scored", "category": "security", "type": "PASS", "data": "Web application firewall is turned ON"}
{"timestamp": null, "level": "INFO", "name": "cs-audit", "message": "azure report", "check_no": "2.9", "region": "null", "score": "Scored", "category": "security", "type": "PASS", "data": "Next generation firewall is turned ON"}
{"timestamp": null, "level": "INFO", "name": "cs-audit", "message": "azure report", "check_no": "2.10", "region": "null", "score": "Scored", "category": "security", "type": "PASS", "data": "Vulnerability assessment firewall is turned ON"}
{"timestamp": null, "level": "INFO", "name": "cs-audit", "message": "azure report", "check_no": "2.11", "region": "null", "score": "Scored", "category": "storage", "type": "PASS", "data": "Storage encryption is turned ON"}
{"timestamp": null, "level": "INFO", "name": "cs-audit", "message": "azure report", "check_no": "2.12", "region": "null", "score": "Scored", "category": "network", "type": "PASS", "data": "Just in Time Network Access is turned ON"}
{"timestamp": null, "level": "INFO", "name": "cs-audit", "message": "azure report", "check_no": "2.13", "region": "null", "score": "Scored", "category": "security", "type": "PASS", "data": "Adaptive Application Control is turned ON"}
{"timestamp": null, "level": "INFO", "name": "cs-audit", "message": "azure report", "check_no": "2.14", "region": "null", "score": "Scored", "category": "database", "type": "PASS", "data": "SQL AUDITING AND THREAT DETECTION is turned ON"}
{"timestamp": null, "level": "INFO", "name": "cs-audit", "message": "azure report", "check_no": "2.15", "region": "null", "score": "Scored", "category": "database", "type": "PASS", "data": "SQL encryption is turned ON"}
{"timestamp": null, "level": "INFO", "name": "cs-audit", "message": "azure report", "check_no": "2.16", "region": "null", "score": "Scored", "category": "management", "type": "PASS", "data": "Security Contact Email is SET"}
{"timestamp": null, "level": "INFO", "name": "cs-audit", "message": "azure report", "check_no": "2.17", "region": "null", "score": "Scored", "category": "management", "type": "PASS", "data": "Security Phone Contact  is SET"}
{"timestamp": null, "level": "INFO", "name": "cs-audit", "message": "azure report", "check_no": "2.18", "region": "null", "score": "Scored", "category": "management", "type": "PASS", "data": "Security email alerts are turned ON"}
{"timestamp": null, "level": "INFO", "name": "cs-audit", "message": "azure report", "check_no": "2.19", "region": "null", "score": "Scored", "category": "management", "type": "PASS", "data": "Security email alerts to subscription owners are turned ON"}
{"timestamp": null, "level": "INFO", "name": "cs-audit", "message": "azure report", "check_no": "3.1", "score": "Scored", "category": "storage", "region": "b'southeastasia'", "type": "PASS", "data": "The storage account b'cs11003200212e0e0b8' does have HTTPS only traffic enabled"}
{"timestamp": null, "level": "INFO", "name": "cs-audit", "message": "azure report", "check_no": "3.1", "score": "Scored", "category": "storage", "region": "b'southeastasia'", "type": "PASS", "data": "The storage account b'dkktbank' does have HTTPS only traffic enabled"}
{"timestamp": null, "level": "INFO", "name": "cs-audit", "message": "azure report", "check_no": "3.1", "score": "Scored", "category": "storage", "region": "b'southeastasia'", "type": "WARNING", "data": "The storage account b'dkktstorageowasp' does not have HTTPS only traffic enabled"}
{"timestamp": null, "level": "INFO", "name": "cs-audit", "message": "azure report", "check_no": "3.2", "score": "Scored", "category": "storage", "region": "b'southeastasia'", "type": "PASS", "data": "The storage account b'cs11003200212e0e0b8' does have its associated BLOB service encryption enabled"}
{"timestamp": null, "level": "INFO", "name": "cs-audit", "message": "azure report", "check_no": "3.2", "score": "Scored", "category": "storage", "region": "b'southeastasia'", "type": "PASS", "data": "The storage account b'dkktbank' does have its associated BLOB service encryption enabled"}
{"timestamp": null, "level": "INFO", "name": "cs-audit", "message": "azure report", "check_no": "3.2", "score": "Scored", "category": "storage", "region": "b'southeastasia'", "type": "PASS", "data": "The storage account b'dkktstorageowasp' does have its associated BLOB service encryption enabled"}
{"timestamp": null, "level": "INFO", "name": "cs-audit", "message": "azure report", "check_no": "3.6", "score": "Scored", "category": "storage", "region": "b'southeastasia'", "type": "PASS", "data": "The storage account b'cs11003200212e0e0b8' does have its associated FILE service encryption enabled"}
{"timestamp": null, "level": "INFO", "name": "cs-audit", "message": "azure report", "check_no": "3.6", "score": "Scored", "category": "storage", "region": "b'southeastasia'", "type": "PASS", "data": "The storage account b'dkktbank' does have its associated FILE service encryption enabled"}
{"timestamp": null, "level": "INFO", "name": "cs-audit", "message": "azure report", "check_no": "3.6", "score": "Scored", "category": "storage", "region": "b'southeastasia'", "type": "PASS", "data": "The storage account b'dkktstorageowasp' does have its associated FILE service encryption enabled"}
{"timestamp": null, "level": "INFO", "name": "cs-audit", "message": "azure report", "check_no": "4.2.1", "score": "Scored", "region": "null", "type": "PASS", "category": "database", "data": "No SQL servers/DB to AUDIT"}
{"timestamp": null, "level": "INFO", "name": "cs-audit", "message": "azure report", "check_no": "4.2.2", "score": "Scored", "region": "null", "type": "PASS", "category": "database", "data": "No SQL servers/DB to AUDIT"}
{"timestamp": null, "level": "INFO", "name": "cs-audit", "message": "azure report", "check_no": "4.2.3", "score": "Scored", "region": "null", "type": "PASS", "category": "database", "data": "No SQL servers/DB to AUDIT"}
{"timestamp": null, "level": "INFO", "name": "cs-audit", "message": "azure report", "check_no": "4.2.4", "score": "Scored", "region": "null", "type": "PASS", "category": "database", "data": "No SQL servers/DB to AUDIT"}
{"timestamp": null, "level": "INFO", "name": "cs-audit", "message": "azure report", "check_no": "4.2.5", "score": "Scored", "region": "null", "type": "PASS", "category": "database", "data": "No SQL servers/DB to AUDIT"}
{"timestamp": null, "level": "INFO", "name": "cs-audit", "message": "azure report", "check_no": "4.2.6", "score": "Scored", "region": "null", "type": "PASS", "category": "database", "data": "No SQL servers/DB to AUDIT"}
{"timestamp": null, "level": "INFO", "name": "cs-audit", "message": "azure report", "check_no": "4.2.7", "score": "Scored", "region": "null", "type": "PASS", "category": "database", "data": "No SQL servers/DB to AUDIT"}
{"timestamp": null, "level": "INFO", "name": "cs-audit", "message": "azure report", "check_no": "4.2.8", "score": "Scored", "region": "null", "type": "PASS", "category": "database", "data": "No SQL servers/DB to AUDIT"}
{"timestamp": null, "level": "INFO", "name": "cs-audit", "message": "azure report", "check_no": "5.1", "score": "Scored", "region": "null", "category": "management", "type": "PASS", "data": "There is LOG PROFILE which exists"}
{"timestamp": null, "level": "INFO", "name": "cs-audit", "message": "azure report", "check_no": "5.2", "score": "Scored", "region": "null", "category": "management", "type": "INFO", "data": "The LOG RETENTION policy not found"}
{"timestamp": null, "level": "INFO", "name": "cs-audit", "message": "azure report", "check_no": "6.1", "score": "Scored", "region": "null", "category": "network", "type": "PASS", "data": "The network group 'myVm-nsg' does not allow public RDP access"}
{"timestamp": null, "level": "INFO", "name": "cs-audit", "message": "azure report", "check_no": "6.1", "score": "Scored", "region": "null", "category": "network", "type": "PASS", "data": "The network group 'dkktVM-nsg' does not allow public RDP access"}
{"timestamp": null, "level": "INFO", "name": "cs-audit", "message": "azure report", "check_no": "6.2", "score": "Scored", "region": "null", "type": "PASS", "category": "network", "data": "The network group 'myVm-nsg' does not allow public SSH access"}
{"timestamp": null, "level": "INFO", "name": "cs-audit", "message": "azure report", "check_no": "6.2", "score": "Scored", "region": "null", "type": "PASS", "category": "network", "data": "The network group 'dkktVM-nsg' does not allow public SSH access"}
{"timestamp": null, "level": "INFO", "name": "cs-audit", "message": "azure report", "check_no": "6.5", "score": "Scored", "region": "null", "category": "network", "type": "PASS", "data": "Network Watcher is enabled for your account"}
{"timestamp": null, "level": "INFO", "name": "cs-audit", "message": "azure report", "check_no": "7.1", "score": "Scored", "region": "null", "category": "compute", "type": "PASS", "data": "The VM 'myVm' does have virtual agent enabled"}
{"timestamp": null, "level": "INFO", "name": "cs-audit", "message": "azure report", "check_no": "7.1", "score": "Scored", "region": "null", "category": "compute", "type": "PASS", "data": "The VM 'dkktVM' does have virtual agent enabled"}
{"timestamp": null, "level": "INFO", "name": "cs-audit", "message": "azure report", "check_no": "7.2", "score": "Scored", "region": "null", "category": "compute", "type": "PASS", "data": "The VM 'myVm' does have OS DISK ENCRYPTION enabled"}
{"timestamp": null, "level": "INFO", "name": "cs-audit", "message": "azure report", "check_no": "7.2", "score": "Scored", "region": "null", "category": "compute", "type": "PASS", "data": "The VM 'dkktVM' does have OS DISK ENCRYPTION enabled"}
{"timestamp": null, "level": "INFO", "name": "cs-audit", "message": "azure report", "check_no": "7.3", "score": "Scored", "region": "null", "category": "compute", "type": "PASS", "data": "The VM 'myVm' does have DATA DISK ENCRYPTION enabled"}
{"timestamp": null, "level": "INFO", "name": "cs-audit", "message": "azure report", "check_no": "7.3", "score": "Scored", "region": "null", "category": "compute", "type": "PASS", "data": "The VM 'dkktVM' does have DATA DISK ENCRYPTION enabled"}
{"timestamp": null, "level": "INFO", "name": "cs-audit", "message": "azure report", "check_no": "7.4", "score": "Not Scored", "region": "null", "category": "compute", "type": "PASS", "data": "There are no extensions to evaluate"}
{"timestamp": null, "level": "INFO", "name": "cs-audit", "message": "azure report", "type": "PASS", "check_no": "8.1", "score": "Scored", "region": "null", "category": "security", "data": "VAULT NOT SET UP FOR THE ACCOUNT"}
{"timestamp": null, "level": "INFO", "name": "cs-audit", "message": "azure report", "check_no": "8.2", "score": "Scored", "region": "null", "type": "PASS", "category": "security", "data": "VAULT NOT SET UP FOR THE ACCOUNT"}
{"timestamp": null, "level": null, "name": "cs-audit", "message": "completed azure audit"}
